[2015-11-08 11:19:47] START
[2015-11-08 11:20:55] EDIT firstApp/controllers/default.py: 0
[2015-11-08 11:22:44] EDIT firstApp/controllers/default.py: -1
[2015-11-08 11:29:13] EDIT firstApp/controllers/default.py: 1
[2015-11-08 11:33:05] EDIT firstApp/controllers/default.py: -1
[2015-11-08 11:33:25] EDIT firstApp/controllers/default.py: 0
[2015-11-08 11:34:38] EDIT firstApp/controllers/default.py: 0
[2015-11-08 11:36:31] EDIT firstApp/controllers/default.py: 0
[2015-11-08 11:36:39] EDIT firstApp/controllers/default.py: 0
[2015-11-08 11:37:28] EDIT firstApp/controllers/default.py: 0
[2015-11-08 11:38:00] EDIT firstApp/controllers/default.py: 0
[2015-11-08 11:45:03] EDIT firstApp/controllers/default.py: 1
[2015-11-08 11:45:19] EDIT firstApp/controllers/default.py: 0
[2015-11-08 11:47:57] EDIT firstApp/controllers/default.py: 0
[2015-11-08 11:48:46] EDIT firstApp/controllers/default.py: -1
[2015-11-08 11:48:55] EDIT firstApp/controllers/default.py: 0
[2015-11-08 11:49:19] EDIT firstApp/controllers/default.py: 1
[2015-11-08 11:51:51] EDIT firstApp/controllers/default.py: 0
[2015-11-08 11:52:08] EDIT firstApp/controllers/default.py: 0
[2015-11-08 11:52:13] EDIT firstApp/controllers/default.py: 0
[2015-11-08 11:52:22] EDIT firstApp/controllers/default.py: 0
[2015-11-08 11:52:41] EDIT firstApp/controllers/default.py: 0
[2015-11-08 11:52:52] EDIT firstApp/controllers/default.py: 0
[2015-11-08 11:53:01] EDIT firstApp/controllers/default.py: 0
[2015-11-12 23:34:03] EDIT firstApp/controllers/default.py: 1
[2015-11-12 23:35:00] EDIT firstApp/views/default/index.html: 1
[2015-11-12 23:36:06] EDIT firstApp/controllers/default.py: 0
[2015-11-12 23:36:34] EDIT firstApp/controllers/default.py: 0
[2015-11-12 23:37:13] EDIT firstApp/controllers/default.py: 0
[2015-11-12 23:38:28] EDIT firstApp/controllers/default.py: 0
[2015-11-12 23:39:36] EDIT firstApp/controllers/default.py: 0
[2015-11-12 23:43:15] EDIT firstApp/controllers/default.py: 0
[2015-11-12 23:44:44] EDIT firstApp/controllers/default.py: 0
[2015-11-12 23:54:09] EDIT firstApp/controllers/default.py: 0
[2015-11-12 23:55:12] EDIT firstApp/controllers/default.py: 0
[2015-11-12 23:55:29] EDIT firstApp/controllers/default.py: 0
[2015-11-12 23:55:59] EDIT firstApp/controllers/default.py: 0
[2015-11-12 23:56:12] EDIT firstApp/controllers/default.py: 0
[2015-11-13 00:05:23] CREATE categories.py: 0
[2015-11-13 00:07:36] EDIT firstApp/models/categories.py: 4
[2015-11-13 00:16:27] EDIT firstApp/models/categories.py: 0
[2015-11-13 00:18:19] DELETE firstApp/models/categories.py: -4
[2015-11-13 00:18:53] CREATE categories.py: 0
[2015-11-13 00:19:09] EDIT firstApp/models/categories.py: 4
[2015-11-13 00:27:05] DELETE firstApp/models/categories.py: -4
[2015-11-13 00:27:23] CREATE db_categories.py: 0
[2015-11-13 00:27:31] EDIT firstApp/models/db_categories.py: 4
[2015-11-13 00:35:32] EDIT firstApp/models/db_categories.py: 0
[2015-11-13 00:35:58] EDIT firstApp/models/db_categories.py: 0
[2015-11-13 00:42:51] EDIT firstApp/controllers/default.py: 0
[2015-11-13 00:46:26] EDIT firstApp/models/db_categories.py: 0
[2015-11-13 00:48:06] EDIT firstApp/models/db_categories.py: 0
[2015-11-13 00:48:22] EDIT firstApp/controllers/default.py: 0
[2015-11-13 00:48:56] EDIT firstApp/models/db_categories.py: 0
[2015-11-13 00:51:15] EDIT firstApp/models/db_categories.py: 1
[2015-11-13 00:59:18] EDIT firstApp/controllers/default.py: 2
[2015-11-13 01:07:35] EDIT firstApp/controllers/default.py: 1
[2015-11-13 01:16:18] EDIT firstApp/views/default/user.html: -1
[2015-11-13 01:20:14] EDIT firstApp/views/layout.html: 0
[2015-11-13 01:29:16] EDIT firstApp/models/menu.py: 0
[2015-11-13 01:29:28] EDIT firstApp/models/menu.py: 0
[2015-11-13 01:30:44] EDIT firstApp/models/menu.py: 0
[2015-11-13 01:31:11] EDIT firstApp/views/layout.html: 0
[2015-11-13 19:12:16] EDIT firstApp/models/db_categories.py: 1
[2015-11-13 19:12:38] EDIT firstApp/models/db_categories.py: -1
[2015-11-13 19:12:47] EDIT firstApp/models/db_categories.py: -1
[2015-11-13 19:18:16] EDIT firstApp/models/db_categories.py: 1
[2015-11-13 19:19:56] EDIT firstApp/models/db_categories.py: 0
[2015-11-13 19:20:08] EDIT firstApp/models/db_categories.py: 0
[2015-11-13 19:23:33] EDIT firstApp/views/layout.html: 0
[2015-11-13 19:23:51] EDIT firstApp/views/layout.html: 0
[2015-11-13 19:24:20] EDIT firstApp/views/layout.html: 0
[2015-11-13 19:24:35] EDIT firstApp/views/layout.html: 0
[2015-11-13 19:24:41] EDIT firstApp/views/layout.html: 0
[2015-11-13 19:25:22] EDIT firstApp/views/layout.html: 0
[2015-11-13 19:34:12] EDIT firstApp/views/default/index.html: 0
[2015-11-13 19:34:28] EDIT firstApp/views/default/index.html: 0
[2015-11-13 19:49:32] EDIT firstApp/views/layout.html: 0
[2015-11-13 19:50:02] EDIT firstApp/views/layout.html: 0
[2015-11-13 19:50:32] EDIT firstApp/views/layout.html: 0
[2015-11-13 19:50:57] EDIT firstApp/views/layout.html: 0
[2015-11-13 19:59:37] EDIT firstApp/views/default/index.html: 0
[2015-11-13 20:02:29] EDIT firstApp/static/css/bootstrap.min.css: 0
[2015-11-13 20:02:38] EDIT firstApp/views/default/index.html: 0
[2015-11-13 20:02:59] EDIT firstApp/views/default/index.html: 0
[2015-11-13 20:03:11] EDIT firstApp/views/default/index.html: 0
[2015-11-13 20:08:51] EDIT firstApp/static/css/bootstrap.min.css: 0
[2015-11-13 20:09:25] EDIT firstApp/views/default/index.html: 0
[2015-11-13 20:09:46] EDIT firstApp/views/default/index.html: 0
[2015-11-13 20:09:55] EDIT firstApp/views/default/index.html: 0
[2015-11-13 20:10:05] EDIT firstApp/views/default/index.html: 0
[2015-11-13 20:10:55] EDIT firstApp/views/default/index.html: 0
[2015-11-13 20:11:11] EDIT firstApp/views/default/index.html: 0
[2015-11-13 20:12:18] EDIT firstApp/views/default/index.html: -2
[2015-11-13 20:12:37] EDIT firstApp/views/default/index.html: 2
[2015-11-13 20:13:03] EDIT firstApp/views/default/index.html: 0
[2015-11-13 20:13:46] EDIT firstApp/static/css/bootstrap.min.css: 0
[2015-11-13 20:15:07] EDIT firstApp/views/layout.html: -22
[2015-11-13 20:15:17] EDIT firstApp/views/layout.html: 22
[2015-11-13 20:19:54] EDIT firstApp/static/css/web2py-bootstrap3.css: 0
[2015-11-13 20:25:33] EDIT firstApp/static/css/web2py-bootstrap3.css: 0
[2015-11-13 20:25:37] EDIT firstApp/static/css/web2py-bootstrap3.css: 0
[2015-11-13 20:25:50] EDIT firstApp/static/css/web2py-bootstrap3.css: 0
[2015-11-13 20:26:04] EDIT firstApp/static/css/web2py-bootstrap3.css: 0
[2015-11-13 20:26:21] EDIT firstApp/static/css/web2py-bootstrap3.css: 0
[2015-11-13 20:27:35] EDIT firstApp/views/default/index.html: 1
[2015-11-13 20:28:41] EDIT firstApp/views/layout.html: 0
[2015-11-13 20:29:54] EDIT firstApp/static/css/bootstrap.min.css: 0
[2015-11-13 20:30:17] EDIT firstApp/static/css/bootstrap.min.css: 0
[2015-11-13 20:30:45] EDIT firstApp/static/css/bootstrap.min.css: 0
[2015-11-13 20:32:31] EDIT firstApp/static/css/bootstrap.min.css: 0
[2015-11-13 20:34:01] EDIT firstApp/views/default/index.html: -2
[2015-11-13 20:36:24] EDIT firstApp/static/css/bootstrap.min.css: 0
[2015-11-13 20:36:56] EDIT firstApp/static/css/bootstrap.min.css: 0
[2015-11-13 20:37:43] EDIT firstApp/views/default/index.html: -1
[2015-11-13 20:38:50] EDIT firstApp/static/css/bootstrap.min.css: 0
[2015-11-13 20:52:31] EDIT firstApp/models/menu.py: 0
[2015-11-13 20:55:57] EDIT firstApp/models/menu.py: -1
[2015-11-13 20:56:10] EDIT firstApp/models/menu.py: 0
[2015-11-13 20:59:50] EDIT firstApp/static/css/bootstrap.min.css: 0
[2015-11-13 21:00:36] EDIT firstApp/static/css/bootstrap.min.css: 0
[2015-11-13 21:01:14] EDIT firstApp/static/css/bootstrap.min.css: 0
[2015-11-13 21:02:04] EDIT firstApp/static/css/bootstrap.min.css: 0
[2015-11-13 21:02:26] EDIT firstApp/static/css/bootstrap.min.css: 0
[2015-11-13 21:02:43] EDIT firstApp/static/css/bootstrap.min.css: 0
[2015-11-13 21:05:07] EDIT firstApp/views/default/index.html: -6
[2015-11-13 21:05:22] EDIT firstApp/views/layout.html: 6
[2015-11-13 21:05:31] EDIT firstApp/views/layout.html: 0
[2015-11-13 21:07:22] EDIT firstApp/views/default/index.html: 1
[2015-11-13 21:10:07] EDIT firstApp/views/layout.html: 2
[2015-11-13 21:12:14] EDIT firstApp/views/layout.html: 1
[2015-11-13 21:12:50] EDIT firstApp/views/layout.html: -1
[2015-11-13 22:30:01] EDIT firstApp/views/default/index.html: 8
[2015-11-13 22:30:21] EDIT firstApp/views/default/index.html: -1
[2015-11-13 22:30:45] EDIT firstApp/views/default/index.html: -8
[2015-11-13 22:31:04] EDIT firstApp/views/default/index.html: 0
[2015-11-13 22:31:27] EDIT firstApp/views/layout.html: -8
[2015-11-13 22:31:34] EDIT firstApp/views/default/index.html: 8
[2015-11-13 22:31:47] EDIT firstApp/views/default/index.html: 0
[2015-11-13 22:32:59] EDIT firstApp/views/default/index.html: 0
[2015-11-13 22:33:33] EDIT firstApp/views/default/index.html: 0
[2015-11-13 22:34:47] EDIT firstApp/views/default/index.html: 0
[2015-11-13 22:35:18] EDIT firstApp/views/default/index.html: -7
[2015-11-13 22:35:25] EDIT firstApp/views/layout.html: 8
[2015-11-13 22:38:37] EDIT firstApp/models/db_categories.py: 0
[2015-11-13 22:47:54] EDIT firstApp/views/default/index.html: 0
[2015-11-13 22:49:45] EDIT firstApp/views/default/index.html: -1
[2015-11-13 22:51:20] EDIT firstApp/views/default/index.html: 1
[2015-11-13 22:56:36] EDIT firstApp/controllers/default.py: 1
[2015-11-13 22:56:56] EDIT firstApp/controllers/default.py: 0
[2015-11-13 22:57:14] EDIT firstApp/views/default/index.html: 1
[2015-11-13 23:26:45] EDIT firstApp/views/default/index.html: 0
[2015-11-13 23:37:20] EDIT firstApp/models/menu.py: 7
[2015-11-13 23:37:27] EDIT firstApp/models/menu.py: 0
[2015-11-13 23:40:18] EDIT firstApp/models/menu.py: 1
[2015-11-13 23:41:36] EDIT firstApp/models/menu.py: 0
[2015-11-13 23:44:31] EDIT firstApp/models/menu.py: 3
[2015-11-13 23:45:59] EDIT firstApp/controllers/default.py: 6
[2015-11-13 23:48:06] CREATE add_category.html: 0
[2015-11-13 23:48:13] EDIT firstApp/views/add_category.html: 0
[2015-11-13 23:49:28] DELETE firstApp/views/add_category.html: -3
[2015-11-13 23:49:53] CREATE default/add_category.html: 0
[2015-11-13 23:50:55] EDIT firstApp/views/default/add_category.html: -1
[2015-11-13 23:51:40] EDIT firstApp/views/default/add_category.html: 3
[2015-11-13 23:52:01] EDIT firstApp/views/default/add_category.html: 0
[2015-11-13 23:53:28] EDIT firstApp/views/default/add_category.html: 0
[2015-11-13 23:54:13] EDIT firstApp/views/default/add_category.html: 0
[2015-11-13 23:54:40] EDIT firstApp/views/default/add_category.html: 0
[2015-11-13 23:57:31] EDIT firstApp/controllers/default.py: 3
[2015-11-13 23:58:33] EDIT firstApp/controllers/default.py: -2
[2015-11-14 00:00:08] EDIT firstApp/controllers/default.py: 7
[2015-11-14 00:06:53] EDIT firstApp/controllers/default.py: 1
[2015-11-14 00:07:31] EDIT firstApp/controllers/default.py: 1
[2015-11-14 00:09:39] EDIT firstApp/controllers/default.py: 0
[2015-11-14 00:25:10] EDIT firstApp/models/menu.py: 1
[2015-11-14 00:28:33] EDIT firstApp/models/menu.py: 4
[2015-11-14 00:33:10] EDIT firstApp/models/db_categories.py: 7
[2015-11-14 00:34:00] EDIT firstApp/models/db_categories.py: 0
[2015-11-14 00:34:11] EDIT firstApp/models/db_categories.py: 0
[2015-11-14 00:35:16] EDIT firstApp/controllers/default.py: 8
[2015-11-14 00:38:27] EDIT firstApp/models/db_categories.py: 0
[2015-11-14 00:39:09] EDIT firstApp/models/db_categories.py: 0
[2015-11-14 00:39:56] EDIT firstApp/models/db_categories.py: 0
[2015-11-14 00:40:27] EDIT firstApp/controllers/default.py: 0
[2015-11-14 00:42:14] EDIT firstApp/models/db_categories.py: 0
[2015-11-14 00:49:21] EDIT firstApp/models/db_categories.py: 0
[2015-11-14 00:51:42] EDIT firstApp/models/db_categories.py: 0
[2015-11-14 01:23:42] EDIT firstApp/models/db_categories.py: 1
[2015-11-14 01:25:28] EDIT firstApp/controllers/default.py: 2
[2015-11-14 01:28:26] EDIT firstApp/controllers/default.py: 3
[2015-11-14 01:29:56] EDIT firstApp/controllers/default.py: 0
[2015-11-14 01:33:43] EDIT firstApp/controllers/default.py: 1
[2015-11-14 01:34:21] EDIT firstApp/controllers/default.py: 0
[2015-11-14 01:35:17] EDIT firstApp/controllers/default.py: 0
[2015-11-14 01:36:22] EDIT firstApp/controllers/default.py: 0
[2015-11-14 01:39:32] EDIT firstApp/controllers/default.py: -2
[2015-11-14 01:40:04] EDIT firstApp/controllers/default.py: -1
[2015-11-14 01:44:27] EDIT firstApp/controllers/default.py: 0
[2015-11-14 01:45:09] EDIT firstApp/controllers/default.py: 0
[2015-11-14 01:46:11] EDIT firstApp/controllers/default.py: 0
[2015-11-14 01:47:02] EDIT firstApp/controllers/default.py: -27
[2015-11-14 01:47:24] EDIT firstApp/controllers/default.py: 27
[2015-11-14 01:50:44] EDIT firstApp/models/db_categories.py: 0
[2015-11-14 01:51:40] EDIT firstApp/models/db_categories.py: 0
[2015-11-14 01:53:30] EDIT firstApp/controllers/default.py: 2
[2015-11-14 01:54:27] EDIT firstApp/controllers/default.py: 3
[2015-11-14 01:57:09] EDIT firstApp/controllers/default.py: 0
[2015-11-14 01:59:13] EDIT firstApp/controllers/default.py: -4
[2015-11-14 02:06:17] EDIT firstApp/controllers/default.py: 4
[2015-11-14 02:07:17] EDIT firstApp/models/db_categories.py: 0
[2015-11-14 02:07:19] EDIT firstApp/models/db_categories.py: 0
[2015-11-14 02:11:00] EDIT firstApp/controllers/default.py: 0
[2015-11-14 02:15:11] EDIT firstApp/controllers/default.py: 0
[2015-11-14 02:16:51] EDIT firstApp/controllers/default.py: 3
[2015-11-14 02:17:26] EDIT firstApp/controllers/default.py: 1
[2015-11-14 02:18:06] EDIT firstApp/controllers/default.py: 0
[2015-11-14 02:19:50] EDIT firstApp/controllers/default.py: 0
[2015-11-14 02:24:55] EDIT firstApp/models/db_categories.py: 1
[2015-11-14 02:30:03] EDIT firstApp/controllers/default.py: 4
[2015-11-14 02:32:19] EDIT firstApp/controllers/default.py: 0
[2015-11-14 02:33:43] EDIT firstApp/controllers/default.py: 0
[2015-11-14 02:39:43] EDIT firstApp/controllers/default.py: 0
[2015-11-14 02:40:23] EDIT firstApp/controllers/default.py: 0
[2015-11-14 02:40:33] EDIT firstApp/views/default/index.html: 0
[2015-11-14 02:41:02] EDIT firstApp/views/default/index.html: 0
[2015-11-14 02:41:15] EDIT firstApp/views/default/index.html: 0
[2015-11-14 02:41:27] EDIT firstApp/views/default/index.html: 0
[2015-11-14 02:42:47] EDIT firstApp/controllers/default.py: 0
[2015-11-14 02:44:29] EDIT firstApp/controllers/default.py: 1
[2015-11-14 02:44:36] EDIT firstApp/controllers/default.py: 0
[2015-11-14 02:45:05] EDIT firstApp/views/default/index.html: 1
[2015-11-14 03:17:57] EDIT firstApp/controllers/default.py: 1
[2015-11-14 03:20:12] EDIT firstApp/controllers/default.py: 0
[2015-11-14 03:21:15] EDIT firstApp/controllers/default.py: 1
[2015-11-14 03:22:27] EDIT firstApp/views/default/index.html: 0
[2015-11-14 03:26:15] EDIT firstApp/controllers/default.py: 1
[2015-11-14 03:31:43] EDIT firstApp/controllers/default.py: -1
[2015-11-14 03:32:32] EDIT firstApp/controllers/default.py: 0
[2015-11-14 03:39:59] EDIT firstApp/controllers/default.py: 0
[2015-11-14 03:40:30] EDIT firstApp/models/db_categories.py: 0
[2015-11-14 03:40:46] EDIT firstApp/controllers/default.py: 0
[2015-11-14 03:41:11] EDIT firstApp/controllers/default.py: 0
[2015-11-14 03:41:38] CREATE default/add_item.html: 0
[2015-11-14 03:42:14] EDIT firstApp/views/default/add_item.html: 2
[2015-11-14 03:48:59] EDIT firstApp/controllers/default.py: 0
[2015-11-14 03:57:16] EDIT firstApp/controllers/default.py: 3
[2015-11-14 03:57:40] EDIT firstApp/controllers/default.py: 1
[2015-11-14 03:58:13] EDIT firstApp/models/menu.py: 0
[2015-11-14 03:58:22] EDIT firstApp/models/menu.py: 0
[2015-11-14 03:59:58] CREATE default/list_categories.html: 0
[2015-11-14 04:00:46] EDIT firstApp/views/default/list_categories.html: 0
[2015-11-14 04:01:03] EDIT firstApp/views/default/list_categories.html: 0
[2015-11-14 04:01:24] EDIT firstApp/views/default/list_categories.html: 0
[2015-11-14 04:02:12] EDIT firstApp/views/default/list_categories.html: 2
[2015-11-14 10:58:14] EDIT firstApp/controllers/default.py: 0
[2015-11-14 10:59:06] EDIT firstApp/controllers/default.py: 1
[2015-11-14 11:03:44] EDIT firstApp/controllers/default.py: 5
[2015-11-14 11:04:09] EDIT firstApp/models/menu.py: 0
[2015-11-14 13:44:38] EDIT firstApp/models/db_categories.py: 1
[2015-11-14 13:46:16] EDIT firstApp/models/db_categories.py: 0
[2015-11-14 13:47:42] EDIT firstApp/models/db_categories.py: 0
[2015-11-14 13:48:56] EDIT firstApp/models/db_categories.py: 0
[2015-11-14 13:51:02] EDIT firstApp/controllers/default.py: -1
[2015-11-14 13:57:11] EDIT firstApp/models/menu.py: 1
[2015-11-14 14:02:03] EDIT firstApp/controllers/default.py: 4
[2015-11-14 14:02:16] CREATE default/show_items.html: 0
[2015-11-14 14:02:27] EDIT firstApp/views/default/show_items.html: 0
[2015-11-14 14:06:21] EDIT firstApp/views/default/show_items.html: 2
[2015-11-14 14:07:05] EDIT firstApp/views/default/show_items.html: 1
[2015-11-14 14:07:53] EDIT firstApp/views/default/show_items.html: 0
[2015-11-14 14:08:32] EDIT firstApp/views/default/show_items.html: 0
[2015-11-14 14:09:24] EDIT firstApp/views/default/show_items.html: 0
[2015-11-14 14:10:40] EDIT firstApp/views/default/show_items.html: 3
[2015-11-14 14:11:15] EDIT firstApp/views/default/show_items.html: 0
[2015-11-14 14:13:00] EDIT firstApp/views/default/show_items.html: 0
[2015-11-14 14:14:58] EDIT firstApp/views/default/show_items.html: 0
[2015-11-14 14:15:22] EDIT firstApp/views/default/show_items.html: 1
[2015-11-14 14:16:55] EDIT firstApp/views/default/show_items.html: 3
[2015-11-14 14:18:21] EDIT firstApp/views/default/show_items.html: 0
[2015-11-14 14:19:50] EDIT firstApp/views/default/show_items.html: 0
[2015-11-14 14:24:26] EDIT firstApp/views/default/show_items.html: 0
[2015-11-14 14:25:24] EDIT firstApp/controllers/default.py: 0
[2015-11-14 14:29:20] EDIT firstApp/static/css/bootstrap.min.css: 0
[2015-11-14 14:30:34] EDIT firstApp/views/default/show_items.html: 0
[2015-11-14 14:31:26] EDIT firstApp/static/css/bootstrap.min.css: 0
[2015-11-14 14:31:46] EDIT firstApp/static/css/bootstrap.min.css: 0
[2015-11-14 14:32:01] EDIT firstApp/static/css/bootstrap.min.css: 0
[2015-11-14 14:34:21] EDIT firstApp/views/default/show_items.html: 3
[2015-11-14 14:34:36] EDIT firstApp/views/default/show_items.html: 0
[2015-11-14 14:39:31] EDIT firstApp/models/menu.py: 1
[2015-11-14 14:44:40] EDIT firstApp/controllers/default.py: 0
[2015-11-14 14:45:48] EDIT firstApp/controllers/default.py: 4
[2015-11-14 14:45:59] EDIT firstApp/controllers/default.py: 0
[2015-11-14 14:46:07] EDIT firstApp/models/menu.py: 0
[2015-11-14 14:46:27] CREATE default/show_rent_items.html: 0
[2015-11-14 14:46:45] EDIT firstApp/views/default/show_rent_items.html: 13
[2015-11-14 14:47:32] EDIT firstApp/controllers/default.py: 0
[2015-11-14 14:48:33] EDIT firstApp/views/default/show_rent_items.html: 0
[2015-11-14 14:52:21] EDIT firstApp/controllers/default.py: 0
[2015-11-14 14:53:01] EDIT firstApp/controllers/default.py: 0
[2015-11-14 18:32:07] EDIT firstApp/views/default/show_items.html: 0
[2015-11-14 18:34:21] EDIT firstApp/views/default/show_items.html: 3
[2015-11-14 18:35:32] EDIT firstApp/static/css/bootstrap.min.css: 0
[2015-11-14 18:40:09] EDIT firstApp/static/css/bootstrap.min.css: 0
[2015-11-14 18:46:00] EDIT firstApp/models/db_categories.py: 1
[2015-11-14 18:46:57] EDIT firstApp/controllers/default.py: 0
[2015-11-14 19:06:35] EDIT firstApp/models/db_categories.py: 3
[2015-11-14 19:27:06] EDIT firstApp/views/default/show_items.html: 0
[2015-11-14 19:27:46] EDIT firstApp/controllers/default.py: 3
[2015-11-14 19:31:09] EDIT firstApp/views/default/show_items.html: 0
[2015-11-14 19:39:46] EDIT firstApp/views/default/show_items.html: 1
[2015-11-14 19:40:05] EDIT firstApp/views/default/show_items.html: 0
[2015-11-14 19:40:29] EDIT firstApp/views/default/show_items.html: 0
[2015-11-14 19:43:43] EDIT firstApp/views/default/show_items.html: 0
[2015-11-14 19:44:07] EDIT firstApp/controllers/default.py: 0
[2015-11-14 19:44:30] CREATE default/bid_for_item.html: 0
[2015-11-14 19:44:58] EDIT firstApp/views/default/show_items.html: 0
[2015-11-14 19:45:29] EDIT firstApp/views/default/show_items.html: 0
[2015-11-14 19:46:22] EDIT firstApp/views/default/show_items.html: 0
[2015-11-14 19:46:53] EDIT firstApp/views/default/show_items.html: -1
[2015-11-14 19:47:03] EDIT firstApp/views/default/show_items.html: 0
[2015-11-14 19:48:13] EDIT firstApp/views/default/show_items.html: 0
[2015-11-14 21:29:16] EDIT firstApp/views/default/show_items.html: 0
[2015-11-14 21:29:51] EDIT firstApp/views/default/show_items.html: 0
[2015-11-14 21:30:02] EDIT firstApp/views/default/show_items.html: 0
[2015-11-14 21:30:19] EDIT firstApp/views/default/show_items.html: 0
[2015-11-14 21:30:37] EDIT firstApp/views/default/show_items.html: 0
[2015-11-14 21:43:59] EDIT firstApp/views/default/show_items.html: 0
[2015-11-14 21:45:12] EDIT firstApp/views/default/show_items.html: 0
[2015-11-14 21:46:13] EDIT firstApp/controllers/default.py: 1
[2015-11-18 14:30:32] EDIT firstApp/models/db.py: 2
[2015-11-18 14:30:34] EDIT firstApp/models/db.py: 0
[2015-11-18 14:32:34] EDIT firstApp/controllers/default.py: 0
[2015-11-18 14:32:48] EDIT firstApp/controllers/default.py: 0
[2015-11-18 14:33:07] EDIT firstApp/controllers/default.py: 0
[2015-11-18 14:33:10] EDIT firstApp/controllers/default.py: 0
[2015-11-18 14:35:10] EDIT firstApp/controllers/default.py: 0
[2015-11-18 14:36:49] EDIT firstApp/controllers/default.py: 0
[2015-11-18 14:54:05] EDIT firstApp/models/menu.py: 2
[2015-11-18 14:55:38] EDIT firstApp/models/menu.py: 1
[2015-11-18 14:59:39] EDIT firstApp/models/menu.py: 3
[2015-11-18 15:01:01] EDIT firstApp/models/menu.py: 1
[2015-11-18 15:09:40] EDIT firstApp/models/menu.py: 0
[2015-11-18 15:10:02] EDIT firstApp/controllers/default.py: -1
[2015-11-18 15:10:21] EDIT firstApp/controllers/default.py: -1
[2015-11-18 15:11:17] EDIT firstApp/models/menu.py: 0
[2015-11-18 15:13:29] EDIT firstApp/controllers/default.py: -8
[2015-11-18 15:19:26] EDIT firstApp/models/menu.py: -1
[2015-11-18 15:47:04] EDIT firstApp/views/default/show_items.html: 1
[2015-11-18 15:51:34] EDIT firstApp/controllers/default.py: 4
[2015-11-18 15:51:38] EDIT firstApp/controllers/default.py: 0
[2015-11-18 15:53:41] EDIT firstApp/controllers/default.py: 0
[2015-11-18 15:58:00] CREATE default/getQuote.html: 0
[2015-11-18 15:58:32] EDIT firstApp/views/default/getQuote.html: -2
[2015-11-18 15:58:41] EDIT firstApp/views/default/getQuote.html: 0
[2015-11-18 16:00:09] EDIT firstApp/controllers/default.py: 0
[2015-11-18 16:02:26] EDIT firstApp/controllers/default.py: 0
[2015-11-18 16:04:23] EDIT firstApp/controllers/default.py: 0
[2015-11-18 16:04:56] EDIT firstApp/views/default/show_items.html: -1
[2015-11-18 16:10:45] EDIT firstApp/controllers/default.py: 4
[2015-11-18 16:10:52] EDIT firstApp/controllers/default.py: 0
[2015-11-18 16:12:01] EDIT firstApp/views/default/getQuote.html: 0
[2015-11-18 16:14:18] EDIT firstApp/controllers/default.py: 0
[2015-11-18 16:15:06] EDIT firstApp/controllers/default.py: 0
[2015-11-18 16:17:15] EDIT firstApp/controllers/default.py: 0
[2015-11-18 16:17:43] EDIT firstApp/controllers/default.py: 0
[2015-11-18 16:18:39] EDIT firstApp/controllers/default.py: 0
[2015-11-18 16:22:28] EDIT firstApp/controllers/default.py: 0
[2015-11-18 16:22:38] EDIT firstApp/controllers/default.py: 0
[2015-11-18 16:23:59] EDIT firstApp/controllers/default.py: 0
[2015-11-18 16:40:03] EDIT firstApp/views/default/show_items.html: 0
[2015-11-18 16:41:05] EDIT firstApp/views/default/show_items.html: 0
[2015-11-18 16:44:28] EDIT firstApp/views/default/show_items.html: 0
[2015-11-18 16:45:41] EDIT firstApp/views/default/show_items.html: 1
[2015-11-18 16:46:05] EDIT firstApp/views/default/show_items.html: 0
[2015-11-18 16:46:58] EDIT firstApp/views/default/show_items.html: 0
[2015-11-18 16:49:10] EDIT firstApp/views/default/show_items.html: 1
[2015-11-18 16:49:46] EDIT firstApp/views/default/show_items.html: 0
[2015-11-18 16:52:40] EDIT firstApp/views/default/show_items.html: 4
[2015-11-18 16:53:22] EDIT firstApp/views/default/show_items.html: 1
[2015-11-18 16:56:34] EDIT firstApp/views/default/show_items.html: 0
[2015-11-18 16:56:42] EDIT firstApp/views/default/show_items.html: 0
[2015-11-18 16:58:52] EDIT firstApp/views/default/show_items.html: 4
[2015-11-18 16:59:13] EDIT firstApp/views/default/show_items.html: -5
[2015-11-18 16:59:56] EDIT firstApp/views/default/show_items.html: 1
[2015-11-18 17:00:43] EDIT firstApp/views/default/show_items.html: 0
[2015-11-18 17:00:46] EDIT firstApp/views/default/show_items.html: 0
[2015-11-18 17:01:18] EDIT firstApp/views/default/show_items.html: 0
[2015-11-18 17:14:14] EDIT firstApp/models/menu.py: 1
[2015-11-18 17:29:40] EDIT firstApp/views/default/show_items.html: 1
[2015-11-18 17:30:21] CREATE default/getDetailsViaAjax.html: 0
[2015-11-18 17:34:47] EDIT firstApp/controllers/default.py: 7
[2015-11-18 17:34:53] EDIT firstApp/controllers/default.py: 0
[2015-11-18 17:38:01] EDIT firstApp/controllers/default.py: 8
[2015-11-18 17:38:17] EDIT firstApp/views/default/getDetailsViaAjax.html: 8
[2015-11-18 17:38:34] EDIT firstApp/controllers/default.py: 0
[2015-11-18 17:38:53] EDIT firstApp/views/default/show_items.html: -13
[2015-11-18 17:40:28] EDIT firstApp/controllers/default.py: 0
[2015-11-18 17:41:20] EDIT firstApp/controllers/default.py: 0
[2015-11-18 17:41:40] EDIT firstApp/views/default/getDetailsViaAjax.html: 0
[2015-11-18 17:42:10] EDIT firstApp/views/default/show_items.html: -2
[2015-11-18 17:42:42] EDIT firstApp/controllers/default.py: 2
[2015-11-18 17:43:09] EDIT firstApp/views/default/getDetailsViaAjax.html: 0
[2015-11-18 17:44:15] EDIT firstApp/views/default/getDetailsViaAjax.html: 0
[2015-11-18 17:45:00] EDIT firstApp/views/default/show_items.html: 0
[2015-11-18 17:45:24] EDIT firstApp/views/default/show_items.html: 0
[2015-11-18 17:46:26] EDIT firstApp/views/default/show_items.html: 0
[2015-11-18 17:46:50] EDIT firstApp/views/default/show_items.html: 0
[2015-11-18 17:50:15] EDIT firstApp/views/default/show_rent_items.html: -6
[2015-11-18 18:06:51] EDIT firstApp/controllers/default.py: 2
[2015-11-18 18:07:14] EDIT firstApp/controllers/default.py: 0
[2015-11-18 18:08:57] EDIT firstApp/controllers/default.py: 2
[2015-11-18 18:09:34] EDIT firstApp/controllers/default.py: 0
[2015-11-18 18:11:01] EDIT firstApp/controllers/default.py: 1
[2015-11-18 18:11:27] EDIT firstApp/controllers/default.py: 2
[2015-11-18 18:13:49] EDIT firstApp/views/default/getDetailsViaAjax.html: 0
[2015-11-18 18:14:48] EDIT firstApp/views/default/getDetailsViaAjax.html: 1
[2015-11-18 18:17:33] EDIT firstApp/views/default/getDetailsViaAjax.html: 0
[2015-11-18 18:18:20] EDIT firstApp/views/default/getDetailsViaAjax.html: 0
[2015-11-18 18:18:44] EDIT firstApp/views/default/getDetailsViaAjax.html: -1
[2015-11-18 18:21:29] EDIT firstApp/controllers/default.py: 1
[2015-11-18 18:22:52] EDIT firstApp/controllers/default.py: 0
[2015-11-18 18:23:24] EDIT firstApp/controllers/default.py: 0
[2015-11-18 18:25:40] EDIT firstApp/controllers/default.py: -1
[2015-11-18 18:25:56] EDIT firstApp/controllers/default.py: 1
[2015-11-18 18:26:55] EDIT firstApp/controllers/default.py: 0
[2015-11-18 18:27:26] EDIT firstApp/views/default/bid_for_item.html: 0
[2015-11-18 18:33:45] EDIT firstApp/models/db_categories.py: 0
[2015-11-18 18:34:46] EDIT firstApp/views/default/bid_for_item.html: 3
[2015-11-18 18:35:04] EDIT firstApp/controllers/default.py: -1
[2015-11-18 18:35:43] EDIT firstApp/controllers/default.py: 0
[2015-11-18 18:36:17] EDIT firstApp/controllers/default.py: 1
[2015-11-18 18:37:46] EDIT firstApp/models/db_categories.py: 1
[2015-11-18 18:38:31] EDIT firstApp/controllers/default.py: 1
[2015-11-18 18:39:19] EDIT firstApp/controllers/default.py: 0
[2015-11-18 18:40:51] EDIT firstApp/controllers/default.py: 0
[2015-11-18 18:41:36] EDIT firstApp/controllers/default.py: 0
[2015-11-18 18:43:37] EDIT firstApp/controllers/default.py: 0
[2015-11-18 18:53:35] EDIT firstApp/controllers/default.py: 0
[2015-11-18 18:55:01] EDIT firstApp/controllers/default.py: 0
[2015-11-18 18:55:48] EDIT firstApp/controllers/default.py: 0
[2015-11-18 18:56:26] EDIT firstApp/controllers/default.py: 0
[2015-11-18 18:57:42] EDIT firstApp/controllers/default.py: 0
[2015-11-18 18:58:06] EDIT firstApp/controllers/default.py: 0
[2015-11-18 18:59:45] EDIT firstApp/controllers/default.py: 0
[2015-11-18 19:00:54] EDIT firstApp/controllers/default.py: 0
[2015-11-18 19:01:35] EDIT firstApp/controllers/default.py: 0
[2015-11-18 19:03:45] EDIT firstApp/controllers/default.py: 0
[2015-11-18 19:10:38] EDIT firstApp/controllers/default.py: -8
[2015-11-18 19:23:12] EDIT firstApp/controllers/default.py: 9
[2015-11-18 19:23:25] EDIT firstApp/controllers/default.py: -1
[2015-11-18 19:23:35] EDIT firstApp/controllers/default.py: 0
[2015-11-18 19:23:48] EDIT firstApp/views/default/bid_for_item.html: 0
[2015-11-18 19:24:51] EDIT firstApp/controllers/default.py: 0
[2015-11-18 19:27:14] EDIT firstApp/controllers/default.py: 0
[2015-11-18 19:27:47] EDIT firstApp/views/default/bid_for_item.html: 0
[2015-11-18 20:21:02] EDIT firstApp/controllers/default.py: 0
[2015-11-18 20:21:29] EDIT firstApp/controllers/default.py: 0
[2015-11-18 20:21:58] EDIT firstApp/views/default/bid_for_item.html: 0
[2015-11-18 20:25:02] EDIT firstApp/views/default/bid_for_item.html: 4
[2015-11-18 20:25:40] EDIT firstApp/views/default/bid_for_item.html: 0
[2015-11-18 20:26:26] EDIT firstApp/views/default/bid_for_item.html: 0
[2015-11-18 20:28:06] EDIT firstApp/models/menu.py: 0
[2015-11-18 20:30:38] EDIT firstApp/controllers/default.py: 3
[2015-11-18 20:31:03] EDIT firstApp/controllers/default.py: 0
[2015-11-18 20:31:18] EDIT firstApp/controllers/default.py: 0
[2015-11-18 20:31:29] EDIT firstApp/controllers/default.py: 0
[2015-11-18 20:31:36] EDIT firstApp/controllers/default.py: 0
[2015-11-18 20:31:37] EDIT firstApp/controllers/default.py: 0
[2015-11-18 20:31:39] EDIT firstApp/controllers/default.py: 0
[2015-11-18 20:31:56] EDIT firstApp/controllers/default.py: -3
[2015-11-18 20:32:08] EDIT firstApp/controllers/default.py: 3
[2015-11-18 20:32:17] EDIT firstApp/controllers/default.py: 0
[2015-11-18 20:34:39] EDIT firstApp/controllers/default.py: 1
[2015-11-18 20:40:50] EDIT firstApp/controllers/default.py: 0
[2015-11-18 20:41:18] EDIT firstApp/controllers/default.py: 0
[2015-11-18 20:41:19] EDIT firstApp/controllers/default.py: 0
[2015-11-18 20:41:26] EDIT firstApp/controllers/default.py: 0
[2015-11-18 20:41:34] EDIT firstApp/controllers/default.py: 0
[2015-11-18 20:41:40] EDIT firstApp/controllers/default.py: 0
[2015-11-18 20:45:01] EDIT firstApp/controllers/default.py: 0
[2015-11-18 20:45:14] EDIT firstApp/controllers/default.py: 0
[2015-11-18 20:48:24] EDIT firstApp/models/menu.py: 1
[2015-11-18 20:54:13] CREATE default/show_my_bids.html: 0
[2015-11-18 20:55:03] EDIT firstApp/views/default/show_my_bids.html: 9
[2015-11-18 20:58:28] EDIT firstApp/controllers/default.py: 4
[2015-11-18 20:59:54] EDIT firstApp/controllers/default.py: 0
[2015-11-18 21:13:48] EDIT firstApp/controllers/default.py: 0
[2015-11-18 21:29:23] CREATE default/show_my_items.html: 0
[2015-11-18 21:31:37] CREATE default/list_items.html: 0
[2015-11-18 21:32:14] EDIT firstApp/views/default/list_items.html: 0
[2015-11-18 21:32:31] EDIT firstApp/views/default/show_my_items.html: 0
[2015-11-18 21:32:59] EDIT firstApp/views/default/show_my_items.html: 0
[2015-11-18 21:59:22] EDIT firstApp/models/menu.py: 0
[2015-11-18 22:00:07] EDIT firstApp/models/menu.py: 0
[2015-11-18 22:00:24] EDIT firstApp/models/menu.py: 0
[2015-11-18 22:01:00] EDIT firstApp/models/menu.py: 0
[2015-11-20 22:55:47] EDIT firstApp/models/db.py: 0
[2015-11-20 23:23:49] EDIT firstApp/controllers/default.py: 1
[2015-11-20 23:27:53] EDIT firstApp/controllers/default.py: 1
[2015-11-20 23:30:40] EDIT firstApp/controllers/default.py: -1
[2015-11-20 23:33:22] EDIT firstApp/controllers/default.py: 0
[2015-11-20 23:41:28] EDIT firstApp/models/db.py: 2
[2015-11-21 09:41:15] EDIT firstApp/models/menu.py: 3
[2015-11-21 09:41:41] EDIT firstApp/models/menu.py: 0
[2015-11-21 09:42:16] EDIT firstApp/models/menu.py: 2
[2015-11-21 09:42:46] EDIT firstApp/models/menu.py: 2
[2015-11-21 09:43:19] EDIT firstApp/models/menu.py: 0
[2015-11-21 09:44:24] EDIT firstApp/models/menu.py: 0
[2015-11-21 09:44:53] EDIT firstApp/models/menu.py: 0
[2015-11-21 09:45:38] EDIT firstApp/models/menu.py: 0
[2015-11-21 09:58:00] EDIT firstApp/models/menu.py: 0
[2015-11-21 10:06:03] EDIT firstApp/models/menu.py: 0
[2015-11-21 10:09:54] EDIT firstApp/models/menu.py: 0
[2015-11-21 10:10:05] EDIT firstApp/models/menu.py: 7
[2015-11-21 10:10:23] EDIT firstApp/models/menu.py: 0
[2015-11-21 10:16:50] EDIT firstApp/models/menu.py: -7
[2015-11-21 10:24:09] EDIT firstApp/models/menu.py: 0
[2015-11-21 10:24:46] EDIT firstApp/models/menu.py: 0
[2015-11-21 10:29:48] EDIT firstApp/models/menu.py: 0
[2015-11-21 10:32:25] EDIT firstApp/controllers/default.py: 2
[2015-11-21 10:32:33] EDIT firstApp/controllers/default.py: 1
[2015-11-21 10:34:18] EDIT firstApp/controllers/default.py: 0
[2015-11-21 10:42:28] EDIT firstApp/controllers/default.py: 1
[2015-11-21 10:43:32] EDIT firstApp/controllers/default.py: 0
[2015-11-21 10:46:29] EDIT firstApp/controllers/default.py: 0
[2015-11-21 10:47:40] EDIT firstApp/controllers/default.py: 0
[2015-11-21 10:50:05] EDIT firstApp/models/menu.py: 0
[2015-11-21 10:50:34] EDIT firstApp/controllers/default.py: 0
[2015-11-21 10:51:13] EDIT firstApp/controllers/default.py: -1
[2015-11-21 10:53:05] EDIT firstApp/models/menu.py: 0
[2015-11-21 11:13:20] EDIT firstApp/models/menu.py: 0
[2015-11-21 11:30:47] EDIT firstApp/models/menu.py: 4
[2015-11-21 11:30:54] EDIT firstApp/models/menu.py: 0
[2015-11-21 11:31:04] EDIT firstApp/models/menu.py: 0
[2015-11-21 11:31:52] EDIT firstApp/models/menu.py: 0
[2015-11-21 11:32:36] EDIT firstApp/models/menu.py: 0
[2015-11-21 11:33:55] EDIT firstApp/controllers/default.py: 3
[2015-11-21 11:36:21] EDIT firstApp/controllers/default.py: 0
[2015-11-21 11:37:46] EDIT firstApp/controllers/default.py: 0
[2015-11-21 11:38:48] EDIT firstApp/controllers/default.py: 0
